<?xml version="1.0" encoding="UTF-8"?>
<!-- Generated by org.testng.reporters.JUnitReportReporter -->
<testsuite hostname="DESKTOP-TBLA2PR" failures="0" tests="3" name="org.abc.automation.fb.HandleWindAlertFrames" time="20.904" errors="0" timestamp="2023-07-04T19:54:10 IST" skipped="1">
  <testcase classname="org.abc.automation.fb.HandleWindAlertFrames" name="handlealerts" time="7.181"/>
  <system-out/>
  <testcase classname="org.abc.automation.fb.HandleWindAlertFrames" name="handlefrmaes" time="13.723"/>
  <system-out/>
  <testcase classname="org.abc.automation.fb.HandleWindAlertFrames" name="handlewindow">
    <skipped/>
  </testcase> <!-- handlewindow -->
  <system-out/>
</testsuite> <!-- org.abc.automation.fb.HandleWindAlertFrames -->
