<?xml version="1.0" encoding="UTF-8"?>
<!-- Generated by org.testng.reporters.JUnitReportReporter -->
<testsuite hostname="DESKTOP-TBLA2PR" failures="0" tests="1" name="org.xyz.automation.fb.testcases.First_TestScenario" time="6.026" errors="0" timestamp="2023-07-05T19:58:14 IST" skipped="0">
  <testcase classname="org.xyz.automation.fb.testcases.First_TestScenario" name="verifyloginfunc" time="6.026"/>
  <system-out/>
</testsuite> <!-- org.xyz.automation.fb.testcases.First_TestScenario -->
