<?xml version="1.0" encoding="UTF-8"?>
<!-- Generated by org.testng.reporters.JUnitReportReporter -->
<testsuite hostname="DESKTOP-TBLA2PR" failures="0" tests="1" name="org.xyz.automation.fb.testcases.SecondScenario_Signup" time="6.557" errors="0" timestamp="2023-07-06T19:40:33 IST" skipped="0">
  <testcase classname="org.xyz.automation.fb.testcases.SecondScenario_Signup" name="verifysignupfunc" time="6.557"/>
  <system-out/>
</testsuite> <!-- org.xyz.automation.fb.testcases.SecondScenario_Signup -->
