<?xml version="1.0" encoding="UTF-8"?>
<!-- Generated by org.testng.reporters.JUnitReportReporter -->
<testsuite hostname="DESKTOP-TBLA2PR" failures="0" tests="1" name="org.abc.automation.fb.BrowserControl" time="11.649" errors="0" timestamp="2023-06-28T19:28:52 IST" skipped="0">
  <testcase classname="org.abc.automation.fb.BrowserControl" name="validatebrowsercontrol" time="11.649"/>
  <system-out/>
</testsuite> <!-- org.abc.automation.fb.BrowserControl -->
