<?xml version="1.0" encoding="UTF-8"?>
<!-- Generated by org.testng.reporters.JUnitReportReporter -->
<testsuite hostname="DESKTOP-TBLA2PR" failures="0" tests="1" name="testNGDemo.TestScenario4" time="0.004" errors="0" timestamp="2023-06-24T19:51:35 IST" skipped="0">
  <testcase classname="testNGDemo.TestScenario4" name="first_testcase" time="0.004"/>
  <system-out/>
</testsuite> <!-- testNGDemo.TestScenario4 -->
