<?xml version="1.0" encoding="UTF-8"?>
<!-- Generated by org.testng.reporters.JUnitReportReporter -->
<testsuite hostname="DESKTOP-TBLA2PR" failures="0" tests="3" name="org.xyz.automation.fb.testcases.First_TestScenario_DDF" time="14.047" errors="0" timestamp="2023-07-06T19:32:07 IST" skipped="0">
  <testcase classname="org.xyz.automation.fb.testcases.First_TestScenario_DDF" name="verifyloginfunc" time="5.466"/>
  <system-out/>
  <testcase classname="org.xyz.automation.fb.testcases.First_TestScenario_DDF" name="verifyloginfunc" time="4.276"/>
  <system-out/>
  <testcase classname="org.xyz.automation.fb.testcases.First_TestScenario_DDF" name="verifyloginfunc" time="4.305"/>
  <system-out/>
</testsuite> <!-- org.xyz.automation.fb.testcases.First_TestScenario_DDF -->
