<?xml version="1.0" encoding="UTF-8"?>
<!-- Generated by org.testng.reporters.JUnitReportReporter -->
<testsuite hostname="DESKTOP-TBLA2PR" failures="0" tests="3" name="org.abc.automation.fb.FirstAutomation" time="29.723" errors="0" timestamp="2023-06-30T19:33:11 IST" skipped="2">
  <testcase classname="org.abc.automation.fb.FirstAutomation" name="second_testcase" time="29.723"/>
  <system-out/>
  <testcase classname="org.abc.automation.fb.FirstAutomation" name="verifyloginfunct">
    <skipped/>
  </testcase> <!-- verifyloginfunct -->
  <system-out/>
  <testcase classname="org.abc.automation.fb.FirstAutomation" name="verifysignup_functionality">
    <skipped/>
  </testcase> <!-- verifysignup_functionality -->
  <system-out/>
</testsuite> <!-- org.abc.automation.fb.FirstAutomation -->
