<?xml version="1.0" encoding="UTF-8"?>
<!-- Generated by org.testng.reporters.JUnitReportReporter -->
<testsuite hostname="DESKTOP-TBLA2PR" failures="0" tests="6" name="testNGDemo.TestScenario3" time="0.068" errors="0" timestamp="2023-06-24T19:41:53 IST" skipped="0">
  <testcase classname="testNGDemo.TestScenario3" name="first_testcase" time="0.004"/>
  <system-out/>
  <testcase classname="testNGDemo.TestScenario3" name="fifth_testcase" time="0.047"/>
  <system-out/>
  <testcase classname="testNGDemo.TestScenario3" name="sixth_testcase" time="0.005"/>
  <system-out/>
  <testcase classname="testNGDemo.TestScenario3" name="second_testcase" time="0.005"/>
  <system-out/>
  <testcase classname="testNGDemo.TestScenario3" name="forth_testcase" time="0.004"/>
  <system-out/>
  <testcase classname="testNGDemo.TestScenario3" name="third_testcase" time="0.003"/>
  <system-out/>
</testsuite> <!-- testNGDemo.TestScenario3 -->
