<?xml version="1.0" encoding="UTF-8"?>
<!-- Generated by org.testng.reporters.JUnitReportReporter -->
<testsuite hostname="DESKTOP-TBLA2PR" failures="0" tests="2" name="org.abc.automation.fb.KeyboardMouse" time="13.570" errors="0" timestamp="2023-07-03T19:49:45 IST" skipped="1">
  <testcase classname="org.abc.automation.fb.KeyboardMouse" name="mouseoperation" time="13.570"/>
  <system-out/>
  <testcase classname="org.abc.automation.fb.KeyboardMouse" name="keyboardoperation">
    <skipped/>
  </testcase> <!-- keyboardoperation -->
  <system-out/>
</testsuite> <!-- org.abc.automation.fb.KeyboardMouse -->
