<?xml version="1.0" encoding="UTF-8"?>
<!-- Generated by org.testng.reporters.JUnitReportReporter -->
<testsuite hostname="DESKTOP-TBLA2PR" failures="0" tests="2" name="testNGDemo.TestScenario2" time="0.028" errors="0" timestamp="2023-06-24T19:51:35 IST" skipped="1">
  <testcase classname="testNGDemo.TestScenario2" name="second_testcase" time="0.028"/>
  <system-out/>
  <testcase classname="testNGDemo.TestScenario2" name="third_testcase">
    <skipped/>
  </testcase> <!-- third_testcase -->
  <system-out/>
</testsuite> <!-- testNGDemo.TestScenario2 -->
