<?xml version="1.0" encoding="UTF-8"?>
<!-- Generated by org.testng.reporters.JUnitReportReporter -->
<testsuite hostname="DESKTOP-TBLA2PR" failures="0" tests="1" name="org.abc.automation.fb.DifferentControl" time="10.356" errors="0" timestamp="2023-06-30T19:42:55 IST" skipped="0">
  <testcase classname="org.abc.automation.fb.DifferentControl" name="verifyalldiffcontrol" time="10.356"/>
  <system-out/>
</testsuite> <!-- org.abc.automation.fb.DifferentControl -->
