<?xml version="1.0" encoding="UTF-8"?>
<!-- Generated by org.testng.reporters.JUnitReportReporter -->
<testsuite hostname="DESKTOP-TBLA2PR" failures="0" tests="6" name="testNGDemo.TestScenario5" time="0.054" errors="0" timestamp="2023-06-24T19:37:18 IST" skipped="0">
  <testcase classname="testNGDemo.TestScenario5" name="third_testcase" time="0.008"/>
  <system-out/>
  <testcase classname="testNGDemo.TestScenario5" name="first_testcase" time="0.005"/>
  <system-out/>
  <testcase classname="testNGDemo.TestScenario5" name="forth_testcase" time="0.004"/>
  <system-out/>
  <testcase classname="testNGDemo.TestScenario5" name="sixth_testcase" time="0.004"/>
  <system-out/>
  <testcase classname="testNGDemo.TestScenario5" name="fifth_testcase" time="0.030"/>
  <system-out/>
  <testcase classname="testNGDemo.TestScenario5" name="second_testcase" time="0.003"/>
  <system-out/>
</testsuite> <!-- testNGDemo.TestScenario5 -->
